<?xml version="1.0" encoding="UTF-8"?>
<coverage generated="1758704121834" clover="3.2.0">
  <project timestamp="1758704121834" name="All files">
    <metrics statements="11" coveredstatements="11" conditionals="4" coveredconditionals="3" methods="3" coveredmethods="3" elements="18" coveredelements="17" complexity="0" loc="11" ncloc="11" packages="1" files="1" classes="1"/>
    <file name="index.js" path="C:\Users\HP\SIT753-HD\sample-node-app\index.js">
      <metrics statements="11" coveredstatements="11" conditionals="4" coveredconditionals="3" methods="3" coveredmethods="3"/>
      <line num="1" count="1" type="stmt"/>
      <line num="2" count="1" type="stmt"/>
      <line num="3" count="1" type="cond" truecount="2" falsecount="0"/>
      <line num="5" count="1" type="stmt"/>
      <line num="6" count="1" type="stmt"/>
      <line num="9" count="1" type="stmt"/>
      <line num="10" count="1" type="cond" truecount="1" falsecount="1"/>
      <line num="11" count="1" type="stmt"/>
      <line num="14" count="1" type="stmt"/>
      <line num="15" count="1" type="stmt"/>
      <line num="18" count="1" type="stmt"/>
    </file>
  </project>
</coverage>
